SF:lib/stores/bloc/store_state.dart
DA:6,21
DA:18,3
DA:24,3
DA:25,0
DA:26,3
DA:27,3
DA:28,3
DA:32,0
DA:34,0
DA:37,3
DA:38,12
LF:11
LH:8
end_of_record
SF:lib/stores/bloc/store_event.dart
DA:4,35
DA:6,0
DA:7,0
DA:11,35
DA:15,18
LF:5
LH:3
end_of_record
SF:lib/stores/bloc/store_bloc.dart
DA:16,3
DA:21,3
DA:22,6
DA:23,6
DA:29,3
DA:33,15
DA:38,9
DA:39,9
DA:41,3
DA:42,3
DA:44,4
DA:46,2
DA:47,4
DA:55,3
DA:57,2
DA:58,5
DA:60,1
DA:61,1
DA:62,2
DA:64,0
DA:65,0
DA:67,0
DA:74,6
DA:75,9
DA:79,1
DA:83,3
DA:87,3
DA:90,1
DA:91,1
DA:92,2
DA:94,1
DA:95,2
DA:103,2
DA:104,3
LF:34
LH:31
end_of_record
SF:lib/repositories/location_repository.dart
DA:7,0
DA:24,0
DA:25,0
DA:30,0
DA:36,0
DA:37,0
DA:40,0
DA:42,0
DA:43,0
DA:47,0
DA:48,0
DA:54,0
DA:55,0
DA:56,0
DA:62,0
DA:63,0
DA:64,0
DA:73,0
DA:74,0
DA:75,0
DA:79,0
DA:81,0
DA:82,0
DA:89,0
DA:95,0
DA:96,0
DA:97,0
DA:98,0
LF:28
LH:0
end_of_record
SF:lib/repositories/store_repository.dart
DA:7,0
DA:9,0
DA:14,0
DA:19,0
DA:21,0
DA:22,0
DA:25,0
DA:26,0
DA:27,0
DA:28,0
DA:29,0
DA:30,0
DA:31,0
DA:32,0
DA:33,0
DA:34,0
DA:35,0
DA:36,0
DA:37,0
LF:19
LH:0
end_of_record
SF:lib/api/auth/auth_api.dart
DA:8,0
DA:9,0
DA:18,0
DA:22,0
DA:23,0
DA:25,0
DA:29,0
DA:31,0
DA:32,0
DA:37,0
DA:38,0
DA:39,0
DA:40,0
LF:13
LH:0
end_of_record
SF:lib/api/extensions/date_time_extensions.dart
DA:5,0
DA:6,0
DA:7,0
DA:9,0
DA:13,0
DA:14,0
DA:15,0
DA:16,0
DA:17,0
DA:18,0
DA:22,0
DA:23,0
DA:24,0
DA:25,0
DA:28,0
DA:30,0
DA:34,0
DA:35,0
DA:36,0
DA:37,0
DA:40,0
DA:42,0
LF:22
LH:0
end_of_record
SF:lib/api/extensions/response_extensions.dart
DA:4,0
DA:12,0
DA:14,0
DA:19,0
DA:20,0
DA:24,0
DA:25,0
LF:7
LH:0
end_of_record
SF:lib/api/stores/models/store_search_result_dto.dart
DA:4,0
DA:13,0
DA:14,0
DA:15,0
DA:17,0
DA:18,0
DA:19,0
DA:20,0
LF:8
LH:0
end_of_record
SF:lib/api/stores/models/store_dto.dart
DA:11,0
DA:68,0
DA:73,0
DA:74,0
DA:78,0
DA:79,0
DA:81,0
LF:7
LH:0
end_of_record
SF:lib/api/stores/models/store_dto.g.dart
DA:9,0
DA:10,0
DA:11,0
DA:12,0
DA:13,0
DA:14,0
DA:15,0
DA:16,0
DA:17,0
DA:18,0
DA:19,0
DA:21,0
DA:22,0
DA:23,0
DA:24,0
DA:25,0
DA:26,0
DA:27,0
DA:28,0
DA:29,0
DA:32,0
DA:33,0
DA:34,0
DA:35,0
DA:36,0
DA:37,0
DA:38,0
DA:39,0
DA:40,0
DA:41,0
DA:42,0
DA:43,0
DA:44,0
DA:45,0
DA:46,0
DA:47,0
DA:48,0
DA:49,0
DA:50,0
LF:39
LH:0
end_of_record
SF:lib/api/stores/models/retailer_dto.dart
DA:7,0
DA:13,0
DA:14,0
DA:16,0
DA:17,0
LF:5
LH:0
end_of_record
SF:lib/api/stores/models/retailer_dto.g.dart
DA:9,0
DA:10,0
DA:13,0
DA:14,0
DA:15,0
LF:5
LH:0
end_of_record
SF:lib/api/stores/store_api.dart
DA:10,0
DA:11,0
DA:18,0
DA:24,0
DA:25,0
DA:27,0
DA:29,0
DA:30,0
DA:33,0
DA:34,0
DA:37,0
DA:39,0
DA:41,0
DA:44,0
DA:45,0
DA:48,0
LF:16
LH:0
end_of_record
SF:lib/api/submissions/submission_api.dart
DA:11,0
DA:12,0
DA:20,0
DA:21,0
DA:22,0
DA:23,0
DA:25,0
DA:28,0
DA:30,0
DA:31,0
DA:33,0
DA:35,0
DA:37,0
DA:39,0
DA:40,0
DA:46,0
DA:48,0
DA:50,0
DA:51,0
DA:54,0
DA:56,0
DA:57,0
DA:61,0
DA:63,0
DA:67,0
DA:69,0
DA:72,0
DA:73,0
DA:76,0
DA:78,0
DA:79,0
DA:83,0
DA:85,0
DA:89,0
DA:91,0
DA:93,0
DA:95,0
DA:96,0
DA:100,0
DA:103,0
DA:104,0
DA:107,0
LF:42
LH:0
end_of_record
SF:lib/api/submissions/models/store_visit_dto.dart
DA:7,4
DA:27,0
DA:28,0
DA:30,0
DA:31,0
LF:5
LH:1
end_of_record
SF:lib/api/submissions/models/store_visit_dto.g.dart
DA:9,0
DA:10,0
DA:11,0
DA:12,0
DA:13,0
DA:14,0
DA:15,0
DA:18,0
DA:19,0
DA:20,0
DA:21,0
DA:22,0
DA:23,0
DA:24,0
LF:14
LH:0
end_of_record
SF:lib/api/submissions/models/submission_template_dto.dart
DA:9,5
DA:32,0
DA:33,0
DA:35,0
DA:36,0
LF:5
LH:1
end_of_record
SF:lib/api/submissions/models/submission_template_dto.g.dart
DA:9,0
DA:11,0
DA:12,0
DA:13,0
DA:14,0
DA:15,0
DA:16,0
DA:17,0
DA:18,0
DA:19,0
DA:20,0
DA:23,0
DA:25,0
DA:26,0
DA:27,0
DA:28,0
DA:29,0
DA:30,0
DA:31,0
LF:19
LH:0
end_of_record
SF:lib/api/submissions/models/submission_template_step_dto.dart
DA:9,5
DA:41,0
DA:42,0
DA:44,0
DA:45,0
LF:5
LH:1
end_of_record
SF:lib/api/submissions/models/submission_template_step_dto.g.dart
DA:9,0
DA:11,0
DA:12,0
DA:13,0
DA:14,0
DA:16,0
DA:17,0
DA:18,0
DA:20,0
DA:21,0
DA:22,0
DA:23,0
DA:24,0
DA:25,0
DA:28,0
DA:30,0
DA:31,0
DA:32,0
DA:33,0
DA:34,0
DA:35,0
DA:36,0
DA:37,0
DA:38,0
DA:39,0
LF:25
LH:0
end_of_record
SF:lib/api/submissions/models/submission_template_field_dto.dart
DA:9,5
DA:32,0
DA:33,0
DA:35,0
DA:36,0
LF:5
LH:1
end_of_record
SF:lib/api/submissions/models/submission_template_field_dto.g.dart
DA:9,0
DA:11,0
DA:12,0
DA:13,0
DA:14,0
DA:15,0
DA:16,0
DA:17,0
DA:18,0
DA:19,0
DA:22,0
DA:24,0
DA:25,0
DA:26,0
DA:27,0
DA:28,0
DA:29,0
DA:30,0
LF:18
LH:0
end_of_record
SF:lib/api/submissions/models/submission_result_dto.dart
DA:9,0
DA:31,0
DA:32,0
DA:34,0
DA:35,0
LF:5
LH:0
end_of_record
SF:lib/api/submissions/models/submission_result_dto.g.dart
DA:9,0
DA:10,0
DA:11,0
DA:12,0
DA:13,0
DA:14,0
DA:15,0
DA:16,0
DA:17,0
DA:18,0
DA:21,0
DA:23,0
DA:24,0
DA:25,0
DA:26,0
DA:27,0
DA:28,0
LF:17
LH:0
end_of_record
SF:lib/api/submissions/models/submission_step_result_dto.dart
DA:9,0
DA:31,0
DA:32,0
DA:34,0
DA:35,0
LF:5
LH:0
end_of_record
SF:lib/api/submissions/models/submission_step_result_dto.g.dart
DA:9,0
DA:11,0
DA:12,0
DA:13,0
DA:14,0
DA:15,0
DA:16,0
DA:17,0
DA:18,0
DA:19,0
DA:22,0
DA:24,0
DA:25,0
DA:26,0
DA:27,0
DA:28,0
DA:29,0
LF:17
LH:0
end_of_record
SF:lib/api/submissions/models/submission_field_result_dto.dart
DA:9,0
DA:19,0
DA:20,0
DA:22,0
DA:23,0
LF:5
LH:0
end_of_record
SF:lib/api/submissions/models/submission_field_result_dto.g.dart
DA:9,0
DA:11,0
DA:12,0
DA:13,0
DA:14,0
DA:16,0
DA:20,0
DA:22,0
DA:23,0
DA:24,0
LF:10
LH:0
end_of_record
SF:lib/api/submissions/models/submission_field_result_value_dto.dart
DA:7,0
DA:28,0
DA:29,0
DA:31,0
DA:32,0
LF:5
LH:0
end_of_record
SF:lib/api/submissions/models/submission_field_result_value_dto.g.dart
DA:9,0
DA:11,0
DA:12,0
DA:13,0
DA:14,0
DA:16,0
DA:17,0
DA:19,0
DA:21,0
DA:22,0
DA:23,0
DA:24,0
DA:25,0
DA:26,0
LF:14
LH:0
end_of_record
SF:lib/app/view/app.dart
DA:16,1
DA:28,1
DA:30,1
DA:31,1
DA:32,2
DA:33,2
DA:34,1
DA:35,2
DA:36,2
DA:37,1
DA:38,0
DA:39,0
DA:41,1
DA:42,1
DA:43,1
DA:44,2
DA:45,1
DA:46,1
DA:47,2
DA:48,1
DA:49,0
DA:50,0
DA:60,17
DA:62,1
DA:63,1
DA:69,3
DA:71,1
DA:73,1
DA:75,1
DA:81,1
DA:87,1
DA:103,2
DA:105,1
DA:106,1
DA:109,1
DA:110,1
DA:113,1
DA:114,1
DA:134,1
DA:135,1
DA:136,1
DA:138,1
DA:139,1
DA:140,1
DA:141,3
DA:142,1
DA:143,1
DA:144,1
DA:145,2
DA:146,1
DA:147,1
DA:150,1
DA:151,2
DA:152,1
DA:153,1
DA:156,0
DA:165,2
LF:57
LH:52
end_of_record
SF:lib/app/view/loading_overlay.dart
DA:6,9
DA:9,9
DA:13,1
DA:14,1
DA:17,9
DA:18,9
DA:25,1
DA:26,2
DA:27,1
DA:28,1
DA:32,1
DA:33,2
DA:34,1
DA:35,1
DA:39,9
DA:41,9
DA:42,9
DA:43,18
DA:44,9
DA:45,0
DA:46,0
DA:52,9
DA:53,0
DA:54,0
DA:55,0
DA:56,0
DA:58,0
DA:59,0
DA:61,0
DA:65,0
DA:67,0
DA:68,0
DA:69,0
DA:70,0
DA:71,0
DA:72,0
DA:73,0
LF:37
LH:20
end_of_record
SF:lib/authentication/bloc/authentication_state.dart
DA:4,19
DA:10,17
DA:12,2
DA:13,1
DA:15,17
DA:16,0
DA:22,0
DA:27,0
DA:28,0
DA:29,0
DA:30,0
DA:34,1
DA:35,4
LF:13
LH:7
end_of_record
SF:lib/authentication/bloc/authentication_bloc.dart
DA:13,1
DA:18,1
DA:19,2
DA:20,2
DA:21,2
DA:22,4
DA:23,3
DA:33,1
DA:35,2
DA:36,2
DA:37,1
DA:40,1
DA:44,1
DA:45,1
DA:46,1
DA:47,1
DA:48,1
DA:49,1
DA:50,1
DA:52,0
DA:53,0
DA:57,1
DA:61,2
DA:62,1
DA:63,1
DA:67,0
DA:71,0
DA:74,0
DA:75,0
DA:76,0
DA:80,1
DA:82,2
LF:32
LH:25
end_of_record
SF:lib/authentication/bloc/authentication_event.dart
DA:4,1
DA:6,0
DA:7,0
DA:11,1
DA:15,0
DA:16,0
LF:6
LH:2
end_of_record
SF:lib/l10n/l10n.dart
DA:7,16
LF:1
LH:1
end_of_record
SF:lib/location/bloc/location_bloc.dart
DA:14,0
DA:17,0
DA:18,0
DA:19,0
DA:24,0
DA:28,0
DA:31,0
DA:33,0
DA:39,0
DA:43,0
DA:44,0
DA:47,0
DA:50,0
DA:53,0
DA:58,0
DA:60,0
DA:63,0
DA:72,0
LF:18
LH:0
end_of_record
SF:lib/location/bloc/location_event.dart
DA:4,0
DA:6,0
DA:7,0
LF:3
LH:0
end_of_record
SF:lib/location/bloc/location_state.dart
DA:4,17
DA:18,0
DA:25,0
DA:26,0
DA:27,0
DA:28,0
DA:29,0
DA:30,0
DA:34,0
DA:35,0
DA:36,0
DA:37,0
DA:38,0
DA:39,0
DA:40,0
LF:15
LH:1
end_of_record
SF:lib/splash/view/splash_page.dart
DA:4,17
DA:6,1
DA:7,2
DA:10,1
LF:4
LH:4
end_of_record
SF:lib/stores/view/store_page.dart
DA:14,18
DA:16,2
DA:17,3
DA:20,2
DA:22,2
DA:23,8
DA:25,2
DA:26,2
DA:27,8
DA:29,2
DA:30,2
DA:32,2
DA:33,0
DA:34,0
DA:41,2
DA:42,2
DA:43,2
DA:44,2
DA:45,2
DA:51,2
DA:54,2
DA:55,2
DA:56,2
DA:57,2
DA:58,2
DA:61,2
DA:63,4
DA:68,2
DA:69,0
DA:70,0
DA:71,0
DA:72,0
DA:73,0
DA:74,0
DA:76,0
DA:79,2
DA:80,2
DA:82,4
DA:84,2
DA:85,2
DA:86,6
DA:88,0
DA:89,0
DA:90,0
DA:96,2
DA:97,4
DA:98,2
DA:100,2
DA:101,2
DA:102,6
LF:50
LH:38
end_of_record
SF:lib/dialogs/views/dialog_page.dart
DA:7,2
DA:25,17
DA:27,2
DA:28,2
DA:29,2
DA:30,2
DA:33,2
DA:35,6
DA:37,2
DA:42,4
DA:43,4
DA:44,2
DA:45,2
DA:46,2
DA:47,2
DA:48,2
DA:50,2
DA:53,2
DA:54,4
DA:56,2
DA:57,2
DA:62,2
DA:65,4
DA:66,6
DA:67,2
DA:68,2
DA:69,2
DA:70,2
DA:71,2
DA:76,4
DA:77,6
DA:79,8
DA:82,2
DA:85,2
DA:88,4
DA:89,0
DA:90,0
DA:92,2
DA:93,4
DA:95,2
DA:97,4
DA:98,4
DA:99,1
DA:100,2
DA:102,4
DA:103,8
DA:106,2
DA:109,2
DA:110,2
DA:111,2
DA:112,2
DA:116,2
DA:119,2
DA:120,2
DA:121,2
DA:122,2
DA:124,2
DA:125,4
DA:126,2
DA:129,2
DA:130,2
DA:136,2
DA:139,2
DA:140,0
DA:141,0
LF:65
LH:61
end_of_record
SF:lib/login/bloc/login_event.dart
DA:4,20
DA:6,0
DA:7,0
DA:11,3
DA:15,1
DA:16,2
DA:20,1
DA:24,0
DA:25,0
DA:29,1
DA:33,0
DA:34,0
DA:38,19
LF:13
LH:7
end_of_record
SF:lib/login/bloc/login_state.dart
DA:4,20
DA:18,4
DA:19,8
DA:20,2
DA:21,6
DA:23,0
DA:24,0
DA:25,0
DA:26,0
DA:28,1
DA:35,1
DA:36,1
DA:37,1
DA:38,1
DA:39,1
DA:40,1
DA:44,1
DA:45,6
LF:18
LH:14
end_of_record
SF:lib/login/bloc/login_bloc.dart
DA:12,3
DA:17,3
DA:18,6
DA:19,6
DA:20,6
DA:21,6
DA:27,1
DA:31,3
DA:32,1
DA:37,1
DA:41,3
DA:42,1
DA:47,1
DA:51,3
DA:52,1
DA:56,1
DA:60,2
DA:61,2
DA:63,3
DA:66,3
DA:67,2
DA:69,2
DA:72,1
DA:73,3
DA:76,3
DA:79,0
LF:26
LH:25
end_of_record
SF:lib/login/models/form_submission_status.dart
DA:4,53
DA:8,18
DA:10,1
DA:11,1
DA:15,36
DA:17,0
DA:18,0
DA:22,18
DA:24,0
DA:25,0
DA:29,18
DA:33,0
DA:34,0
LF:13
LH:7
end_of_record
SF:lib/login/view/login_form.dart
DA:10,3
DA:18,3
DA:20,3
DA:22,3
DA:23,1
DA:24,1
DA:25,1
DA:26,2
DA:29,3
DA:30,3
DA:31,3
DA:33,3
DA:34,3
DA:35,3
DA:36,9
DA:39,3
DA:40,3
DA:41,9
DA:44,3
DA:49,3
DA:56,3
DA:57,3
DA:58,3
DA:59,3
DA:61,3
DA:63,3
DA:64,3
DA:66,3
DA:69,3
DA:70,1
DA:71,3
DA:72,6
DA:75,7
DA:79,0
DA:80,0
DA:81,0
DA:82,0
DA:84,0
DA:86,0
DA:87,0
DA:88,0
DA:90,0
DA:91,0
DA:92,0
DA:96,0
DA:97,0
DA:98,0
DA:100,0
DA:102,0
DA:103,0
DA:104,0
DA:105,0
DA:108,0
DA:109,0
DA:113,3
DA:114,3
DA:115,3
DA:116,3
DA:117,3
DA:119,3
DA:121,3
DA:130,3
DA:132,3
DA:134,3
DA:135,1
DA:136,2
DA:137,1
DA:138,2
DA:142,6
DA:147,7
DA:151,1
DA:152,2
DA:154,1
DA:155,1
DA:156,1
LF:75
LH:54
end_of_record
SF:lib/login/view/login_page.dart
DA:10,18
DA:12,2
DA:13,3
DA:16,2
DA:18,2
DA:19,2
DA:20,2
DA:21,2
DA:22,2
DA:24,2
DA:25,2
DA:28,2
DA:29,2
DA:30,2
DA:32,2
DA:34,2
DA:35,2
DA:37,2
LF:18
LH:18
end_of_record
SF:lib/models/store.dart
DA:5,6
DA:24,2
DA:25,4
DA:29,4
DA:30,0
DA:32,4
DA:33,0
DA:34,6
DA:38,0
DA:40,0
LF:10
LH:6
end_of_record
SF:lib/models/user.dart
DA:10,19
DA:20,0
DA:21,0
DA:23,0
DA:24,0
DA:27,0
DA:28,0
DA:30,0
DA:31,0
LF:9
LH:1
end_of_record
SF:lib/models/user.g.dart
DA:9,0
DA:10,0
DA:11,0
DA:14,0
DA:15,0
DA:16,0
LF:6
LH:0
end_of_record
SF:lib/models/store_submission.dart
DA:7,2
DA:8,2
DA:9,2
DA:10,2
DA:11,2
DA:12,2
DA:13,6
DA:14,2
DA:15,2
DA:16,2
DA:17,2
DA:18,2
DA:19,2
DA:20,2
DA:21,2
DA:22,2
DA:23,2
DA:24,2
DA:25,6
DA:26,2
DA:27,2
DA:28,2
DA:29,2
DA:30,2
DA:31,2
DA:32,2
DA:33,2
DA:34,2
DA:35,2
DA:37,2
DA:43,0
DA:44,0
DA:45,0
DA:47,0
DA:48,0
DA:49,0
DA:50,0
DA:51,0
DA:52,0
DA:53,0
DA:54,0
DA:55,0
DA:56,0
DA:57,0
DA:58,0
DA:59,0
DA:60,0
DA:61,0
DA:62,0
DA:63,0
DA:66,0
DA:68,0
DA:74,2
DA:95,1
DA:96,1
DA:97,1
DA:98,1
DA:99,2
DA:100,2
DA:101,1
DA:102,5
DA:103,1
DA:107,1
DA:108,5
DA:112,2
DA:148,7
DA:149,0
DA:151,1
DA:152,1
DA:153,1
DA:154,1
DA:155,1
DA:156,1
DA:157,1
DA:158,1
DA:159,1
DA:160,1
DA:161,1
DA:162,1
DA:163,1
DA:164,1
DA:165,5
DA:168,1
DA:169,1
DA:170,1
DA:171,1
DA:172,1
DA:173,1
DA:174,1
DA:175,1
DA:176,1
DA:177,1
DA:178,1
DA:183,2
DA:206,1
DA:207,1
DA:208,1
DA:209,0
DA:210,1
DA:211,1
DA:212,1
DA:213,2
DA:214,1
DA:215,4
DA:216,1
DA:217,3
DA:221,1
DA:222,1
DA:223,1
DA:224,1
DA:225,1
DA:226,1
DA:227,1
DA:228,1
DA:229,1
DA:230,1
DA:231,2
DA:234,1
DA:235,1
DA:236,1
DA:237,1
DA:238,1
DA:239,1
DA:240,1
DA:241,1
DA:242,1
DA:247,2
DA:259,1
DA:260,1
DA:261,1
DA:262,1
DA:263,1
DA:265,1
DA:266,1
DA:267,1
DA:268,1
DA:269,1
DA:270,1
DA:274,1
DA:275,1
DA:276,1
DA:277,1
DA:278,1
DA:279,1
LF:144
LH:120
end_of_record
SF:lib/repositories/authentication_repository.dart
DA:10,0
DA:14,0
DA:20,0
DA:21,0
DA:22,0
DA:25,0
DA:28,0
DA:32,0
DA:34,0
DA:35,0
DA:36,0
DA:42,0
DA:43,0
DA:44,0
DA:45,0
DA:48,0
LF:16
LH:0
end_of_record
SF:lib/repositories/camera_repository.dart
DA:7,17
DA:9,0
DA:10,0
DA:13,0
DA:14,0
DA:15,0
DA:17,0
DA:20,0
DA:21,0
DA:22,0
LF:10
LH:1
end_of_record
SF:lib/repositories/submission_repository.dart
DA:14,0
DA:17,0
DA:23,0
DA:24,0
DA:27,0
DA:28,0
DA:30,0
DA:33,0
DA:36,0
DA:43,0
DA:45,0
DA:47,0
DA:49,0
DA:50,0
DA:53,0
DA:60,0
DA:61,0
DA:63,0
DA:65,0
DA:66,0
DA:69,0
DA:76,0
DA:78,0
DA:80,0
DA:81,0
DA:83,0
DA:84,0
DA:85,0
DA:86,0
DA:87,0
DA:88,0
DA:89,0
DA:90,0
DA:91,0
DA:98,0
DA:99,0
DA:102,0
DA:109,0
DA:111,0
DA:112,0
DA:116,0
DA:117,0
LF:42
LH:0
end_of_record
SF:lib/repositories/user_repository.dart
DA:8,0
DA:16,0
DA:17,0
DA:19,0
DA:20,0
DA:26,0
DA:27,0
DA:28,0
DA:31,0
DA:32,0
LF:10
LH:0
end_of_record
SF:lib/search_store/bloc/search_store_event.dart
DA:4,0
DA:5,0
DA:7,19
DA:11,19
DA:15,0
DA:16,0
LF:6
LH:2
end_of_record
SF:lib/search_store/bloc/search_store_state.dart
DA:6,20
DA:18,2
DA:24,2
DA:25,0
DA:26,1
DA:27,1
DA:28,2
DA:32,0
DA:34,0
DA:37,2
DA:38,6
LF:11
LH:8
end_of_record
SF:lib/search_store/bloc/search_store_bloc.dart
DA:16,0
DA:17,0
DA:18,0
DA:22,2
DA:23,6
DA:27,2
DA:32,2
DA:33,6
DA:39,2
DA:41,2
DA:43,2
DA:44,1
DA:49,2
DA:50,2
DA:51,4
DA:53,2
DA:54,4
DA:62,3
LF:18
LH:15
end_of_record
SF:lib/search_store/view/search_store_list.dart
DA:12,17
DA:14,1
DA:15,1
DA:21,1
DA:23,1
DA:24,1
DA:25,1
DA:26,1
DA:27,1
DA:28,0
DA:30,0
DA:31,0
DA:32,0
DA:36,1
DA:37,2
DA:38,0
DA:40,0
DA:41,0
DA:42,0
DA:50,1
DA:53,1
DA:54,1
DA:55,2
DA:57,3
DA:58,3
DA:60,3
DA:63,0
DA:65,0
DA:67,2
DA:68,1
DA:70,1
DA:79,17
DA:81,0
DA:83,0
DA:85,0
DA:86,0
DA:90,0
DA:91,0
DA:92,0
DA:95,0
DA:97,0
DA:103,1
DA:106,1
DA:110,1
DA:112,1
DA:116,2
DA:117,1
DA:118,1
LF:48
LH:29
end_of_record
SF:lib/search_store/view/search_store_list_item.dart
DA:8,1
DA:12,1
DA:14,1
DA:15,2
DA:17,1
DA:18,0
DA:19,0
DA:21,1
DA:24,1
DA:26,1
DA:34,1
DA:35,1
DA:37,1
DA:38,3
DA:39,3
DA:41,1
DA:42,1
DA:43,3
DA:44,0
DA:46,3
DA:49,1
DA:52,1
LF:22
LH:19
end_of_record
SF:lib/shared/view/bottom_loader.dart
DA:5,34
DA:7,1
DA:9,1
DA:10,1
DA:12,1
DA:15,1
DA:16,2
LF:7
LH:7
end_of_record
SF:lib/search_store/view/search_store_page.dart
DA:9,18
DA:13,1
DA:14,1
DA:16,1
DA:17,1
DA:24,1
DA:26,1
DA:27,2
DA:28,1
DA:30,1
DA:32,1
DA:34,2
DA:39,1
DA:40,2
DA:41,1
DA:44,1
DA:45,1
DA:46,1
DA:47,1
DA:48,2
DA:49,1
DA:54,0
DA:55,0
DA:57,0
DA:58,0
DA:67,2
DA:70,1
DA:71,3
LF:28
LH:24
end_of_record
SF:lib/store_report/bloc/store_report_bloc.dart
DA:15,2
DA:21,4
DA:22,4
DA:23,4
DA:24,4
DA:26,8
DA:27,3
DA:30,8
DA:31,2
DA:32,2
DA:33,6
DA:34,6
DA:35,1
DA:44,1
DA:48,3
DA:49,1
DA:52,2
DA:56,6
DA:59,1
DA:63,3
DA:64,1
DA:66,3
DA:68,0
DA:72,6
DA:73,3
DA:75,3
DA:76,2
DA:80,1
DA:82,2
DA:85,2
DA:86,0
DA:87,0
DA:88,0
DA:91,0
DA:94,1
LF:35
LH:30
end_of_record
SF:lib/store_report/bloc/store_report_event.dart
DA:4,18
DA:6,0
DA:7,0
DA:11,1
DA:15,0
DA:16,0
DA:20,17
DA:24,1
DA:28,0
DA:29,0
LF:10
LH:4
end_of_record
SF:lib/store_report/bloc/store_report_state.dart
DA:6,2
DA:21,2
DA:27,2
DA:28,2
DA:29,1
DA:30,2
DA:31,2
DA:32,2
DA:36,2
DA:37,10
LF:10
LH:10
end_of_record
SF:lib/store_report/view/store_report_page.dart
DA:15,18
DA:18,1
DA:19,1
DA:20,0
DA:21,1
DA:24,1
DA:26,1
DA:27,1
DA:28,2
DA:29,3
DA:31,1
DA:33,1
DA:35,1
DA:36,1
DA:37,2
DA:38,1
DA:40,0
DA:44,1
DA:45,1
DA:47,1
DA:48,1
DA:52,1
DA:55,1
DA:56,1
DA:57,3
DA:59,1
DA:61,1
DA:62,1
DA:63,1
DA:64,1
DA:65,0
DA:66,0
DA:67,0
DA:68,0
DA:69,0
DA:70,0
DA:71,0
DA:72,0
DA:74,2
DA:80,1
DA:81,1
DA:82,1
DA:83,1
DA:84,1
DA:85,1
DA:88,0
DA:94,0
DA:95,0
DA:97,0
DA:98,0
DA:101,0
DA:102,0
DA:103,0
DA:115,1
DA:116,2
DA:117,1
DA:120,1
DA:128,1
DA:129,1
DA:131,1
DA:133,1
DA:134,5
DA:135,1
DA:136,1
DA:137,1
DA:138,1
DA:140,1
DA:141,4
DA:143,4
DA:156,0
DA:157,0
DA:158,0
DA:159,0
DA:160,0
DA:161,0
DA:162,0
DA:163,0
DA:164,0
DA:165,0
DA:167,0
LF:80
LH:51
end_of_record
SF:lib/store_report/view/store_report_list_item.dart
DA:7,1
DA:17,1
DA:19,1
DA:20,0
DA:21,0
DA:22,0
DA:25,1
DA:26,0
DA:27,0
DA:29,1
DA:31,1
DA:32,1
DA:34,1
DA:36,1
DA:37,1
DA:40,1
DA:42,1
DA:44,1
DA:45,1
DA:46,3
DA:47,2
DA:51,1
DA:52,1
DA:55,1
DA:56,3
DA:57,1
DA:58,1
DA:59,1
DA:60,1
DA:64,1
DA:65,2
DA:66,3
DA:71,1
DA:72,0
DA:75,0
DA:76,0
DA:81,0
DA:88,1
DA:92,1
LF:39
LH:30
end_of_record
SF:lib/store_submission/view/store_submission_summary_page.dart
DA:9,0
DA:10,0
DA:12,0
DA:13,0
DA:14,0
DA:19,0
DA:21,0
DA:22,0
DA:24,0
DA:25,0
DA:28,0
DA:33,0
DA:34,0
DA:36,0
DA:37,0
DA:38,0
LF:16
LH:0
end_of_record
SF:lib/store_submission/bloc/store_submission_event.dart
DA:4,35
DA:6,0
DA:7,0
DA:11,34
DA:15,1
LF:5
LH:3
end_of_record
SF:lib/store_submission/bloc/store_submission_state.dart
DA:15,1
DA:30,1
DA:31,3
DA:32,1
DA:33,8
DA:34,0
DA:35,0
DA:36,1
DA:37,4
DA:38,1
DA:39,7
DA:41,0
DA:42,0
DA:44,1
DA:49,1
DA:50,1
DA:51,1
DA:52,1
DA:53,1
DA:54,1
DA:58,1
DA:59,1
DA:60,1
DA:61,1
DA:62,1
LF:25
LH:21
end_of_record
SF:lib/store_submission/bloc/store_submission_bloc.dart
DA:17,1
DA:26,2
DA:27,2
DA:28,2
DA:35,1
DA:37,3
DA:38,4
DA:39,6
DA:41,4
DA:42,4
DA:43,4
DA:44,4
DA:46,3
DA:49,1
DA:51,2
DA:52,1
DA:54,2
DA:55,1
DA:57,3
DA:61,1
DA:63,2
DA:64,0
DA:66,3
DA:70,1
DA:71,0
DA:72,0
DA:74,0
DA:77,1
DA:78,3
DA:80,1
DA:81,1
DA:82,1
DA:84,1
DA:85,2
DA:86,2
DA:87,3
DA:88,3
DA:89,1
DA:90,0
DA:91,3
DA:93,3
DA:101,1
DA:102,3
DA:104,3
DA:108,2
DA:109,0
DA:110,0
DA:113,4
DA:115,1
DA:116,1
DA:117,2
DA:119,2
DA:120,3
DA:125,3
DA:131,3
LF:55
LH:48
end_of_record
SF:lib/store_submission/view/store_submission_page.dart
DA:21,1
DA:23,1
DA:27,1
DA:28,1
DA:29,0
DA:30,0
DA:36,1
DA:38,1
DA:39,1
DA:40,2
DA:41,1
DA:42,1
DA:44,1
DA:45,1
DA:46,1
DA:47,1
DA:48,1
DA:49,1
DA:50,1
DA:51,1
DA:52,1
DA:54,2
DA:55,4
DA:56,1
DA:60,2
DA:62,2
DA:63,3
DA:64,3
DA:66,2
DA:67,2
DA:68,0
DA:72,2
DA:73,1
DA:75,2
DA:77,2
DA:79,3
DA:80,1
DA:81,2
DA:82,4
DA:83,1
DA:84,3
DA:85,2
DA:86,2
DA:87,2
DA:88,2
DA:89,2
DA:92,1
DA:94,0
DA:95,1
DA:96,0
DA:97,0
DA:101,1
DA:102,1
DA:105,1
DA:106,1
DA:108,1
DA:111,1
DA:112,1
DA:113,1
DA:114,1
DA:117,0
DA:118,0
DA:121,1
DA:122,1
DA:124,1
DA:126,1
DA:127,1
DA:128,3
DA:129,2
DA:130,0
DA:136,1
DA:137,1
DA:138,1
DA:140,2
DA:141,1
DA:142,2
DA:146,1
DA:147,3
DA:148,1
DA:150,2
DA:158,1
DA:159,1
DA:160,1
DA:161,2
DA:162,2
DA:163,2
DA:164,1
DA:165,2
DA:169,2
DA:170,1
DA:171,1
DA:172,1
DA:176,1
DA:178,3
DA:179,2
DA:181,1
DA:187,1
DA:188,1
DA:189,1
DA:191,1
DA:205,1
DA:206,1
DA:207,1
DA:208,2
DA:209,2
DA:210,1
DA:211,1
DA:212,0
DA:213,0
DA:214,0
DA:216,2
DA:218,1
DA:219,0
DA:221,0
DA:222,0
DA:223,0
DA:224,0
DA:226,2
LF:118
LH:101
end_of_record
SF:lib/store_submission/view/camera_access_view.dart
DA:10,17
DA:14,1
DA:16,1
DA:17,1
DA:18,1
DA:20,1
DA:24,1
DA:25,1
DA:26,3
DA:31,1
DA:32,1
DA:33,3
DA:39,1
DA:41,1
DA:43,1
DA:44,1
DA:46,2
DA:50,1
DA:51,2
DA:52,0
DA:53,0
LF:21
LH:19
end_of_record
SF:lib/store_submission/view/fields/currency_field_control.dart
DA:11,1
DA:17,1
DA:18,1
DA:24,1
DA:26,1
DA:29,1
DA:31,2
DA:32,1
DA:35,1
DA:37,1
DA:38,1
DA:40,3
DA:41,0
DA:42,0
DA:43,0
DA:44,0
DA:47,3
DA:49,2
DA:50,2
DA:54,1
DA:55,4
DA:56,2
DA:57,1
DA:59,3
DA:60,3
DA:64,1
DA:67,1
DA:69,2
DA:72,1
DA:73,1
DA:75,1
DA:76,1
DA:78,2
DA:79,3
DA:80,3
LF:35
LH:31
end_of_record
SF:lib/store_submission/view/fields/required_view.dart
DA:5,85
DA:15,0
DA:17,0
DA:18,0
DA:19,0
DA:20,0
DA:21,0
DA:22,0
DA:23,0
DA:24,0
DA:25,0
DA:26,0
DA:27,0
DA:28,0
LF:14
LH:1
end_of_record
SF:lib/store_submission/view/fields/int_field_control.dart
DA:10,1
DA:15,1
DA:17,1
DA:18,3
DA:19,1
DA:20,1
DA:22,2
DA:23,2
DA:28,2
DA:30,1
DA:31,1
DA:32,1
DA:33,3
DA:34,4
LF:14
LH:14
end_of_record
SF:lib/store_submission/view/fields/photo_field_control.dart
DA:15,1
DA:21,1
DA:23,1
DA:25,1
DA:28,1
DA:30,1
DA:31,1
DA:33,3
DA:34,4
DA:35,0
DA:36,1
DA:39,1
DA:47,1
DA:48,1
DA:49,0
DA:50,0
DA:51,0
DA:53,0
DA:54,0
DA:57,1
DA:60,2
DA:65,2
DA:66,0
DA:74,0
DA:76,0
DA:77,0
DA:79,0
DA:80,0
DA:81,0
DA:82,0
LF:30
LH:16
end_of_record
SF:lib/store_submission/view/fields/picker_field_control.dart
DA:10,1
DA:16,1
DA:17,1
DA:23,1
DA:25,1
DA:28,1
DA:30,2
DA:31,1
DA:34,1
DA:36,1
DA:37,4
DA:38,1
DA:40,3
DA:41,3
DA:45,1
DA:46,1
DA:48,2
DA:49,0
DA:50,0
DA:51,0
DA:52,0
DA:53,0
DA:56,0
DA:57,0
DA:58,0
DA:59,0
DA:65,0
DA:66,0
DA:67,0
DA:71,0
DA:73,0
DA:74,0
DA:75,0
DA:78,0
DA:79,0
DA:80,0
DA:82,0
DA:83,0
DA:84,0
DA:85,0
DA:86,0
DA:87,0
DA:89,0
DA:92,0
DA:106,1
LF:45
LH:18
end_of_record
SF:lib/store_submission/view/fields/text_field_control.dart
DA:10,1
DA:16,1
DA:18,1
DA:19,3
DA:20,1
DA:21,2
DA:22,1
DA:24,2
DA:25,2
DA:29,3
DA:32,3
DA:33,2
DA:34,1
DA:35,1
DA:36,1
DA:37,3
DA:38,4
LF:17
LH:17
end_of_record
SF:lib/store_submission/view/submission_field_view.dart
DA:8,1
DA:9,4
DA:14,1
DA:16,2
DA:17,1
DA:18,3
DA:19,1
DA:20,1
DA:21,3
DA:22,1
DA:23,3
DA:24,1
DA:25,3
DA:26,1
DA:27,3
LF:15
LH:15
end_of_record
SF:lib/store_submission/view/submission_success_view.dart
DA:7,17
DA:9,1
DA:10,1
DA:11,1
DA:16,1
DA:18,1
DA:19,1
DA:20,1
DA:21,1
DA:26,0
DA:27,0
DA:30,2
DA:32,1
DA:34,1
DA:37,1
DA:39,1
DA:43,1
DA:44,2
DA:45,3
DA:50,1
DA:51,1
DA:52,3
DA:58,1
DA:60,0
DA:61,0
DA:63,2
LF:26
LH:22
end_of_record
SF:lib/store_submission/view/submission_summary_list_view.dart
DA:13,1
DA:23,1
DA:25,4
DA:26,1
DA:28,2
DA:31,4
DA:33,1
DA:35,1
DA:36,1
DA:37,2
DA:38,2
DA:39,0
DA:41,0
DA:43,0
DA:44,0
DA:50,2
DA:51,8
DA:55,1
DA:56,1
DA:57,1
DA:58,0
DA:62,0
DA:63,4
DA:68,3
DA:69,1
DA:70,1
DA:71,2
DA:72,1
DA:74,1
DA:78,1
DA:80,1
DA:87,1
DA:88,1
DA:89,1
DA:91,6
DA:92,2
DA:93,0
DA:94,0
DA:100,2
DA:101,1
DA:102,1
DA:103,1
DA:104,1
DA:105,1
DA:107,1
DA:110,3
DA:111,1
DA:112,1
DA:113,1
DA:114,1
DA:115,1
DA:121,1
DA:122,2
DA:129,1
DA:131,1
DA:134,1
DA:135,1
DA:136,2
DA:137,1
DA:138,1
DA:139,1
DA:140,1
DA:145,1
DA:148,1
DA:149,1
DA:157,1
DA:169,1
DA:170,1
DA:172,1
DA:173,1
DA:178,1
DA:179,1
DA:181,1
DA:183,1
LF:74
LH:66
end_of_record
SF:lib/styles/pondrop_styles.dart
DA:8,6
LF:1
LH:1
end_of_record
SF:lib/styles/route_transitions.dart
DA:4,2
DA:7,2
DA:9,4
DA:13,2
DA:18,2
DA:19,2
DA:21,1
DA:24,1
DA:25,1
DA:26,1
LF:10
LH:10
end_of_record
SF:lib/stores/view/store_list.dart
DA:13,4
DA:15,2
DA:16,2
DA:22,2
DA:24,2
DA:25,6
DA:28,2
DA:30,2
DA:31,4
DA:32,0
DA:33,0
DA:34,0
DA:35,0
DA:37,2
DA:38,2
DA:39,4
DA:40,2
DA:41,4
DA:45,6
DA:46,2
DA:49,1
DA:55,1
DA:56,1
DA:58,1
DA:59,1
DA:60,2
DA:62,2
DA:65,1
DA:66,2
DA:68,1
DA:71,3
DA:72,1
DA:73,1
DA:78,2
DA:82,2
DA:85,4
DA:86,1
DA:90,2
DA:91,4
DA:92,2
DA:93,2
DA:95,2
DA:96,2
DA:97,2
DA:99,2
DA:100,8
DA:105,2
DA:107,2
DA:108,4
DA:109,2
DA:110,2
DA:113,0
DA:114,0
DA:117,0
DA:118,0
DA:119,0
DA:120,0
DA:121,0
LF:58
LH:47
end_of_record
SF:lib/stores/view/store_list_item.dart
DA:8,1
DA:12,1
DA:14,1
DA:15,2
DA:17,1
DA:18,0
DA:19,0
DA:21,1
DA:23,1
DA:25,1
DA:26,3
DA:27,1
DA:28,1
DA:29,1
DA:31,1
DA:32,1
DA:33,3
DA:34,0
DA:36,3
DA:39,1
DA:42,1
LF:21
LH:18
end_of_record
SF:lib/task_templates/bloc/task_templates_state.dart
DA:6,22
DA:14,2
DA:18,2
DA:19,0
DA:20,1
DA:24,1
DA:26,4
DA:29,2
DA:30,6
LF:9
LH:8
end_of_record
SF:lib/task_templates/bloc/task_templates_event.dart
DA:4,0
DA:5,0
DA:7,35
DA:11,18
DA:15,18
LF:5
LH:3
end_of_record
SF:lib/task_templates/bloc/task_templates_bloc.dart
DA:10,2
DA:13,2
DA:14,4
DA:15,4
DA:20,2
DA:24,6
DA:25,2
DA:29,1
DA:33,3
DA:34,3
DA:35,3
DA:36,1
DA:40,2
DA:43,4
DA:44,6
DA:46,1
DA:47,3
LF:17
LH:17
end_of_record
SF:lib/task_templates/view/task_templates_page.dart
DA:11,2
DA:13,1
DA:14,1
DA:15,0
DA:20,1
DA:22,1
DA:23,2
DA:25,1
DA:26,1
DA:27,1
DA:28,1
DA:35,1
DA:40,0
DA:41,0
DA:43,2
DA:44,1
DA:45,1
LF:17
LH:14
end_of_record
SF:lib/task_templates/view/task_templates.dart
DA:13,4
DA:17,2
DA:19,2
DA:20,4
DA:21,0
DA:22,0
DA:23,0
DA:24,0
DA:25,0
DA:27,2
DA:28,2
DA:29,4
DA:30,2
DA:31,4
DA:35,2
DA:36,2
DA:37,0
DA:40,1
DA:41,1
DA:42,2
DA:43,1
DA:45,0
DA:46,0
DA:48,0
DA:50,0
DA:51,0
DA:52,0
DA:58,2
DA:65,0
DA:66,0
DA:67,0
DA:68,0
DA:70,0
DA:71,0
DA:72,0
DA:75,0
LF:36
LH:16
end_of_record
SF:lib/counter/cubit/counter_cubit.dart
DA:4,4
DA:6,4
DA:7,4
LF:3
LH:3
end_of_record
SF:lib/counter/view/counter_page.dart
DA:7,3
DA:9,0
DA:10,0
DA:13,1
DA:15,1
DA:16,2
DA:23,3
DA:25,1
DA:27,1
DA:28,1
DA:29,3
DA:31,1
DA:34,1
DA:35,1
DA:36,3
DA:41,1
DA:42,3
DA:53,2
DA:55,1
DA:57,1
DA:58,3
DA:59,4
LF:22
LH:20
end_of_record
